<?xml version="1.0" encoding="UTF-8"?>
<!-- Generated by org.testng.reporters.JUnitReportReporter -->
<testsuite skipped="0" hostname="IN5CD8052Q0G" name="mobile.TestEmulator" tests="4" failures="0" timestamp="04 Feb 2019 17:29:34 GMT" time="0.018" errors="0">
  <testcase name="g" time="0.002" classname="mobile.TestEmulator"/>
  <testcase name="f" time="0.007" classname="mobile.TestEmulator"/>
  <testcase name="h" time="0.002" classname="mobile.TestEmulator"/>
  <testcase name="e" time="0.007" classname="mobile.TestEmulator"/>
</testsuite> <!-- mobile.TestEmulator -->
