<?xml version="1.0" encoding="UTF-8"?>
<!-- Generated by org.testng.reporters.JUnitReportReporter -->
<testsuite skipped="0" hostname="DESKTOP-JVSNV2H" name="mobile.TestEmulator" tests="6" failures="0" timestamp="13 Apr 2019 11:06:05 GMT" time="61.946" errors="0">
  <testcase name="testLabel" time="0.050" classname="mobile.TestEmulator"/>
  <testcase name="testWaitingProgressBar" time="54.683" classname="mobile.TestEmulator"/>
  <testcase name="testDisplayText" time="7.160" classname="mobile.TestEmulator"/>
  <testcase name="testWebView" time="0.001" classname="mobile.TestEmulator"/>
  <testcase name="testToast" time="0.000" classname="mobile.TestEmulator"/>
  <testcase name="testRegistration" time="0.052" classname="mobile.TestEmulator"/>
</testsuite> <!-- mobile.TestEmulator -->
