<?xml version="1.0" encoding="UTF-8"?>
<!-- Generated by org.testng.reporters.JUnitReportReporter -->
<testsuite skipped="0" hostname="DESKTOP-JVSNV2H" name="mobile.TestSelendroid" tests="6" failures="0" timestamp="15 Apr 2019 07:15:12 GMT" time="60.120" errors="0">
  <testcase name="testToast" time="0.001" classname="mobile.TestSelendroid"/>
  <testcase name="testWebView" time="0.001" classname="mobile.TestSelendroid"/>
  <testcase name="testRegistration" time="0.050" classname="mobile.TestSelendroid"/>
  <testcase name="testDisplayText" time="7.721" classname="mobile.TestSelendroid"/>
  <testcase name="testLabel" time="0.059" classname="mobile.TestSelendroid"/>
  <testcase name="testWaitingProgressBar" time="52.288" classname="mobile.TestSelendroid"/>
</testsuite> <!-- mobile.TestSelendroid -->
