<?xml version="1.0" encoding="UTF-8"?>
<!-- Generated by org.testng.reporters.JUnitReportReporter -->
<testsuite skipped="0" hostname="DESKTOP-JVSNV2H" name="mobile.TestBrowserStack" tests="5" failures="0" timestamp="13 Apr 2019 11:18:08 GMT" time="7.004" errors="0">
  <testcase name="testRegistration" time="7.004" classname="mobile.TestBrowserStack"/>
  <testcase name="testWaitingProgressBar" time="0.000" classname="mobile.TestBrowserStack"/>
  <testcase name="testDisplayText" time="0.000" classname="mobile.TestBrowserStack"/>
  <testcase name="testLabel" time="0.000" classname="mobile.TestBrowserStack"/>
  <testcase name="testToast" time="0.000" classname="mobile.TestBrowserStack"/>
</testsuite> <!-- mobile.TestBrowserStack -->
