<?xml version="1.0" encoding="UTF-8"?>
<!-- Generated by org.testng.reporters.JUnitReportReporter -->
<testsuite skipped="0" hostname="DESKTOP-JVSNV2H" name="mobile.TestRealDevice" tests="6" failures="0" timestamp="15 Apr 2019 07:03:03 GMT" time="59.197" errors="0">
  <testcase name="testLabel" time="0.050" classname="mobile.TestRealDevice"/>
  <testcase name="testDisplayText" time="7.226" classname="mobile.TestRealDevice"/>
  <testcase name="testToast" time="0.000" classname="mobile.TestRealDevice"/>
  <testcase name="testWaitingProgressBar" time="51.863" classname="mobile.TestRealDevice"/>
  <testcase name="testRegistration" time="0.058" classname="mobile.TestRealDevice"/>
  <testcase name="testWebView" time="0.000" classname="mobile.TestRealDevice"/>
</testsuite> <!-- mobile.TestRealDevice -->
