<?xml version="1.0" encoding="UTF-8"?>
<!-- Generated by org.testng.reporters.JUnitReportReporter -->
<testsuite skipped="0" hostname="IN5CD8052Q0G" name="mobile.NewTest" tests="1" failures="0" timestamp="01 Jan 2019 12:52:12 GMT" time="6.768" errors="0">
  <testcase name="f" time="6.768" classname="mobile.NewTest"/>
</testsuite> <!-- mobile.NewTest -->
